<?xml version="1.0" encoding="UTF-8"?>
<!-- Generated by org.testng.reporters.JUnitXMLReporter -->
<testsuite ignored="0" hostname="DESKTOP-HR9B3S3" failures="0" tests="4" name="PetTests" time="3.61" errors="0" timestamp="2024-08-06T15:35:52 EDT">
  <testcase classname="api.test.UserTests2" name="testPostUser" time="1.871"/>
  <testcase classname="api.test.UserTests2" name="testGetUserByName" time="0.232"/>
  <testcase classname="api.test.UserTests2" name="testUpdateUserByName" time="0.391"/>
  <testcase classname="api.test.UserTests2" name="testDeleteUserByName" time="0.183"/>
</testsuite> <!-- PetTests -->
